<?xml version="1.0" encoding="UTF-8"?>
<testng-results ignored="0" total="3" passed="3" failed="0" skipped="0">
  <reporter-output>
  </reporter-output>
  <suite started-at="2023-07-27T13:04:17 EDT" name="Default suite" finished-at="2023-07-27T13:04:17 EDT" duration-ms="147">
    <groups>
    </groups>
    <test started-at="2023-07-27T13:04:17 EDT" name="Default test" finished-at="2023-07-27T13:04:17 EDT" duration-ms="147">
      <class name="listeners.TestNGListenerDemo">
        <test-method signature="test1()[pri:0, instance:listeners.TestNGListenerDemo@69e153c5]" started-at="2023-07-27T13:04:17 EDT" name="test1" finished-at="2023-07-27T13:04:17 EDT" duration-ms="25" status="PASS">
          <reporter-output>
          </reporter-output>
        </test-method> <!-- test1 -->
        <test-method signature="test2()[pri:0, instance:listeners.TestNGListenerDemo@69e153c5]" started-at="2023-07-27T13:04:17 EDT" name="test2" finished-at="2023-07-27T13:04:17 EDT" duration-ms="5" status="PASS">
          <reporter-output>
          </reporter-output>
        </test-method> <!-- test2 -->
        <test-method signature="test3()[pri:0, instance:listeners.TestNGListenerDemo@69e153c5]" started-at="2023-07-27T13:04:17 EDT" name="test3" finished-at="2023-07-27T13:04:17 EDT" duration-ms="9" status="PASS">
          <reporter-output>
          </reporter-output>
        </test-method> <!-- test3 -->
      </class> <!-- listeners.TestNGListenerDemo -->
    </test> <!-- Default test -->
  </suite> <!-- Default suite -->
</testng-results>
