<?xml version="1.0" encoding="UTF-8"?>
<!-- Generated by org.testng.reporters.JUnitXMLReporter -->
<testsuite ignored="0" hostname="DESKTOP-R9D2SNO" failures="0" tests="3" name="Default test" time="0.147" errors="0" timestamp="2023-07-27T13:04:17 EDT">
  <testcase classname="listeners.TestNGListenerDemo" name="test1" time="0.025"/>
  <testcase classname="listeners.TestNGListenerDemo" name="test2" time="0.005"/>
  <testcase classname="listeners.TestNGListenerDemo" name="test3" time="0.009"/>
</testsuite> <!-- Default test -->
